[0.153s] Invoking command in '/home/kachi/ros2_ws2/build/person_msgs': CMAKE_PREFIX_PATH=${CMAKE_PREFIX_PATH}:/home/kachi/ros2_ws/install/mypkg:/opt/ros/dashing /usr/bin/cmake /home/kachi/ros2_ws2/ros2_ws2/src/person_msgs -DCMAKE_INSTALL_PREFIX=/home/kachi/ros2_ws2/install/person_msgs
[0.161s] -- Found ament_cmake: 0.7.6 (/opt/ros/dashing/share/ament_cmake/cmake)
[0.181s] -- Found PythonInterp: /usr/bin/python3 (found suitable version "3.6.9", minimum required is "3") 
[0.181s] -- Using PYTHON_EXECUTABLE: /usr/bin/python3
[0.290s] -- Found rosidl_default_generators: 0.7.0 (/opt/ros/dashing/share/rosidl_default_generators/cmake)
[1.077s] -- Found rosidl_adapter: 0.7.10 (/opt/ros/dashing/share/rosidl_adapter/cmake)
[1.834s] -- Found PythonInterp: /usr/bin/python3 (found version "3.6.9") 
[1.914s] -- Using single matching rosidl_typesupport_c: rosidl_typesupport_fastrtps_c
[1.920s] -- Using single matching rosidl_typesupport_cpp: rosidl_typesupport_fastrtps_cpp
[3.659s] -- Found rmw_implementation_cmake: 0.7.2 (/opt/ros/dashing/share/rmw_implementation_cmake/cmake)
[3.676s] -- Found PythonInterp: /usr/bin/python3 (found suitable version "3.6.9", minimum required is "3.5") 
[3.678s] -- Found python_cmake_module: 0.7.11 (/opt/ros/dashing/share/python_cmake_module/cmake)
[3.778s] -- Found PythonLibs: /usr/lib/x86_64-linux-gnu/libpython3.6m.so (found suitable version "3.6.9", minimum required is "3.5") 
[3.779s] -- Using PYTHON_EXECUTABLE: /usr/bin/python3
[3.779s] -- Using PYTHON_INCLUDE_DIRS: /usr/include/python3.6m
[3.779s] -- Using PYTHON_LIBRARIES: /usr/lib/x86_64-linux-gnu/libpython3.6m.so
[3.794s] -- Found PythonExtra: .so  
[5.495s] -- Found ament_lint_auto: 0.7.12 (/opt/ros/dashing/share/ament_lint_auto/cmake)
[5.526s] -- Added test 'lint_cmake' to check CMake code style
[5.527s] -- Added test 'xmllint' to check XML markup files
[5.530s] -- Configuring done
[5.549s] -- Generating done
[5.551s] -- Build files have been written to: /home/kachi/ros2_ws2/build/person_msgs
[5.554s] Invoked command in '/home/kachi/ros2_ws2/build/person_msgs' returned '0': CMAKE_PREFIX_PATH=${CMAKE_PREFIX_PATH}:/home/kachi/ros2_ws/install/mypkg:/opt/ros/dashing /usr/bin/cmake /home/kachi/ros2_ws2/ros2_ws2/src/person_msgs -DCMAKE_INSTALL_PREFIX=/home/kachi/ros2_ws2/install/person_msgs
[5.556s] Invoking command in '/home/kachi/ros2_ws2/build/person_msgs': CMAKE_PREFIX_PATH=${CMAKE_PREFIX_PATH}:/home/kachi/ros2_ws/install/mypkg:/opt/ros/dashing /usr/bin/cmake --build /home/kachi/ros2_ws2/build/person_msgs -- -j8 -l8
[5.580s] [  3%] [34m[1mGenerating C code for ROS interfaces[0m
[5.580s] [35m[1mScanning dependencies of target person_msgs__cpp[0m
[5.587s] [  6%] [34m[1mGenerating C++ code for ROS interfaces[0m
[5.780s] [35m[1mScanning dependencies of target person_msgs__rosidl_generator_c[0m
[5.786s] [  6%] Built target person_msgs__cpp
[5.790s] [ 10%] [32mBuilding C object CMakeFiles/person_msgs__rosidl_generator_c.dir/rosidl_generator_c/person_msgs/msg/person__functions.c.o[0m
[5.792s] [ 13%] [34m[1mGenerating C++ introspection for ROS interfaces[0m
[5.793s] [ 17%] [34m[1mGenerating C++ type support for eProsima Fast-RTPS[0m
[5.840s] [ 20%] [32m[1mLinking C shared library libperson_msgs__rosidl_generator_c.so[0m
[5.899s] [ 20%] Built target person_msgs__rosidl_generator_c
[5.906s] [ 24%] [34m[1mGenerating C introspection for ROS interfaces[0m
[5.997s] [35m[1mScanning dependencies of target person_msgs__rosidl_typesupport_introspection_cpp[0m
[6.010s] [ 27%] [32mBuilding CXX object CMakeFiles/person_msgs__rosidl_typesupport_introspection_cpp.dir/rosidl_typesupport_introspection_cpp/person_msgs/msg/person__type_support.cpp.o[0m
[6.018s] [35m[1mScanning dependencies of target person_msgs__rosidl_typesupport_fastrtps_cpp[0m
[6.043s] [ 31%] [32mBuilding CXX object CMakeFiles/person_msgs__rosidl_typesupport_fastrtps_cpp.dir/rosidl_typesupport_fastrtps_cpp/person_msgs/msg/dds_fastrtps/person__type_support.cpp.o[0m
[6.200s] [35m[1mScanning dependencies of target person_msgs__rosidl_typesupport_introspection_c[0m
[6.210s] [ 34%] [32mBuilding C object CMakeFiles/person_msgs__rosidl_typesupport_introspection_c.dir/rosidl_typesupport_introspection_c/person_msgs/msg/person__type_support.c.o[0m
[6.228s] [ 37%] [32m[1mLinking C shared library libperson_msgs__rosidl_typesupport_introspection_c.so[0m
[6.281s] [ 37%] Built target person_msgs__rosidl_typesupport_introspection_c
[6.301s] [ 41%] [32m[1mLinking CXX shared library libperson_msgs__rosidl_typesupport_introspection_cpp.so[0m
[6.361s] [ 41%] Built target person_msgs__rosidl_typesupport_introspection_cpp
[6.392s] [ 44%] [32m[1mLinking CXX shared library libperson_msgs__rosidl_typesupport_fastrtps_cpp.so[0m
[6.470s] [ 44%] Built target person_msgs__rosidl_typesupport_fastrtps_cpp
[6.477s] [ 51%] [34m[1mGenerating C type support for eProsima Fast-RTPS[0m
[6.477s] [ 51%] [34m[1mGenerating C++ type support dispatch for ROS interfaces[0m
[6.618s] [35m[1mScanning dependencies of target person_msgs__rosidl_typesupport_cpp[0m
[6.626s] [ 55%] [32mBuilding CXX object CMakeFiles/person_msgs__rosidl_typesupport_cpp.dir/rosidl_typesupport_cpp/person_msgs/msg/person__type_support.cpp.o[0m
[6.656s] [35m[1mScanning dependencies of target person_msgs__rosidl_typesupport_fastrtps_c[0m
[6.667s] [ 58%] [32mBuilding CXX object CMakeFiles/person_msgs__rosidl_typesupport_fastrtps_c.dir/rosidl_typesupport_fastrtps_c/person_msgs/msg/person__type_support_c.cpp.o[0m
[6.823s] [ 62%] [32m[1mLinking CXX shared library libperson_msgs__rosidl_typesupport_cpp.so[0m
[6.844s] [ 65%] [32m[1mLinking CXX shared library libperson_msgs__rosidl_typesupport_fastrtps_c.so[0m
[6.908s] [ 65%] Built target person_msgs__rosidl_typesupport_cpp
[6.927s] [ 65%] Built target person_msgs__rosidl_typesupport_fastrtps_c
[6.933s] [ 68%] [34m[1mGenerating C type support dispatch for ROS interfaces[0m
[7.092s] [35m[1mScanning dependencies of target person_msgs__rosidl_typesupport_c[0m
[7.099s] [ 72%] [32mBuilding CXX object CMakeFiles/person_msgs__rosidl_typesupport_c.dir/rosidl_typesupport_c/person_msgs/msg/person__type_support.cpp.o[0m
[7.117s] [ 75%] [32m[1mLinking CXX shared library libperson_msgs__rosidl_typesupport_c.so[0m
[7.182s] [ 75%] Built target person_msgs__rosidl_typesupport_c
[7.188s] [35m[1mScanning dependencies of target person_msgs[0m
[7.194s] [ 75%] Built target person_msgs
[7.200s] [35m[1mScanning dependencies of target person_msgs__py[0m
[7.207s] [ 79%] [34m[1mGenerating Python code for ROS interfaces[0m
[7.469s] [ 79%] Built target person_msgs__py
[7.476s] [35m[1mScanning dependencies of target person_msgs__python[0m
[7.514s] [ 82%] [32mBuilding C object CMakeFiles/person_msgs__python.dir/rosidl_generator_py/person_msgs/msg/_person_s.c.o[0m
[7.576s] [ 86%] [32m[1mLinking C shared library rosidl_generator_py/person_msgs/libperson_msgs__python.so[0m
[7.640s] [ 86%] Built target person_msgs__python
[7.647s] [35m[1mScanning dependencies of target person_msgs__rosidl_typesupport_c__pyext[0m
[7.647s] [35m[1mScanning dependencies of target person_msgs__rosidl_typesupport_fastrtps_c__pyext[0m
[7.659s] [ 89%] [32mBuilding C object CMakeFiles/person_msgs__rosidl_typesupport_fastrtps_c__pyext.dir/rosidl_generator_py/person_msgs/_person_msgs_s.ep.rosidl_typesupport_fastrtps_c.c.o[0m
[7.659s] [ 93%] [32mBuilding C object CMakeFiles/person_msgs__rosidl_typesupport_c__pyext.dir/rosidl_generator_py/person_msgs/_person_msgs_s.ep.rosidl_typesupport_c.c.o[0m
[7.700s] [ 96%] [32m[1mLinking C shared library rosidl_generator_py/person_msgs/person_msgs_s__rosidl_typesupport_c.cpython-36m-x86_64-linux-gnu.so[0m
[7.701s] [100%] [32m[1mLinking C shared library rosidl_generator_py/person_msgs/person_msgs_s__rosidl_typesupport_fastrtps_c.cpython-36m-x86_64-linux-gnu.so[0m
[7.771s] [100%] Built target person_msgs__rosidl_typesupport_c__pyext
[7.792s] [100%] Built target person_msgs__rosidl_typesupport_fastrtps_c__pyext
[7.801s] Invoked command in '/home/kachi/ros2_ws2/build/person_msgs' returned '0': CMAKE_PREFIX_PATH=${CMAKE_PREFIX_PATH}:/home/kachi/ros2_ws/install/mypkg:/opt/ros/dashing /usr/bin/cmake --build /home/kachi/ros2_ws2/build/person_msgs -- -j8 -l8
[7.853s] Invoking command in '/home/kachi/ros2_ws2/build/person_msgs': CMAKE_PREFIX_PATH=${CMAKE_PREFIX_PATH}:/home/kachi/ros2_ws/install/mypkg:/opt/ros/dashing /usr/bin/cmake --build /home/kachi/ros2_ws2/build/person_msgs --target install -- -j8 -l8
[7.886s] [  3%] Built target person_msgs__cpp
[7.891s] [ 13%] Built target person_msgs__rosidl_generator_c
[7.901s] [ 24%] Built target person_msgs__rosidl_typesupport_introspection_cpp
[7.902s] [ 34%] Built target person_msgs__rosidl_typesupport_fastrtps_cpp
[7.905s] [ 44%] Built target person_msgs__rosidl_typesupport_introspection_c
[7.919s] [ 65%] Built target person_msgs__rosidl_typesupport_fastrtps_c
[7.919s] [ 65%] Built target person_msgs__rosidl_typesupport_cpp
[7.933s] [ 75%] Built target person_msgs__rosidl_typesupport_c
[7.946s] [ 75%] Built target person_msgs
[7.959s] [ 79%] Built target person_msgs__py
[7.974s] [ 86%] Built target person_msgs__python
[7.990s] [100%] Built target person_msgs__rosidl_typesupport_c__pyext
[7.990s] [100%] Built target person_msgs__rosidl_typesupport_fastrtps_c__pyext
[8.001s] [36mInstall the project...[0m
[8.006s] -- Install configuration: ""
[8.007s] -- Installing: /home/kachi/ros2_ws2/install/person_msgs/share/ament_index/resource_index/rosidl_interfaces/person_msgs
[8.007s] -- Installing: /home/kachi/ros2_ws2/install/person_msgs/lib/libperson_msgs__rosidl_typesupport_c.so
[8.007s] -- Set runtime path of "/home/kachi/ros2_ws2/install/person_msgs/lib/libperson_msgs__rosidl_typesupport_c.so" to ""
[8.007s] -- Installing: /home/kachi/ros2_ws2/install/person_msgs/share/person_msgs/environment/library_path.sh
[8.007s] -- Installing: /home/kachi/ros2_ws2/install/person_msgs/lib/libperson_msgs__rosidl_typesupport_cpp.so
[8.007s] -- Set runtime path of "/home/kachi/ros2_ws2/install/person_msgs/lib/libperson_msgs__rosidl_typesupport_cpp.so" to ""
[8.007s] -- Installing: /home/kachi/ros2_ws2/install/person_msgs/include/person_msgs
[8.008s] -- Installing: /home/kachi/ros2_ws2/install/person_msgs/include/person_msgs/msg
[8.008s] -- Installing: /home/kachi/ros2_ws2/install/person_msgs/include/person_msgs/msg/rosidl_typesupport_fastrtps_c__visibility_control.h
[8.008s] -- Installing: /home/kachi/ros2_ws2/install/person_msgs/include/person_msgs/msg/person__rosidl_typesupport_fastrtps_c.h
[8.008s] -- Installing: /home/kachi/ros2_ws2/install/person_msgs/lib/libperson_msgs__rosidl_typesupport_fastrtps_c.so
[8.008s] -- Set runtime path of "/home/kachi/ros2_ws2/install/person_msgs/lib/libperson_msgs__rosidl_typesupport_fastrtps_c.so" to ""
[8.009s] -- Up-to-date: /home/kachi/ros2_ws2/install/person_msgs/include/person_msgs
[8.009s] -- Up-to-date: /home/kachi/ros2_ws2/install/person_msgs/include/person_msgs/msg
[8.009s] -- Installing: /home/kachi/ros2_ws2/install/person_msgs/include/person_msgs/msg/person.h
[8.009s] -- Installing: /home/kachi/ros2_ws2/install/person_msgs/include/person_msgs/msg/person__functions.c
[8.009s] -- Installing: /home/kachi/ros2_ws2/install/person_msgs/include/person_msgs/msg/person__type_support.h
[8.009s] -- Installing: /home/kachi/ros2_ws2/install/person_msgs/include/person_msgs/msg/person__functions.h
[8.009s] -- Installing: /home/kachi/ros2_ws2/install/person_msgs/include/person_msgs/msg/rosidl_generator_c__visibility_control.h
[8.010s] -- Installing: /home/kachi/ros2_ws2/install/person_msgs/include/person_msgs/msg/person__struct.h
[8.010s] -- Installing: /home/kachi/ros2_ws2/install/person_msgs/lib/libperson_msgs__rosidl_generator_c.so
[8.010s] -- Set runtime path of "/home/kachi/ros2_ws2/install/person_msgs/lib/libperson_msgs__rosidl_generator_c.so" to ""
[8.010s] -- Up-to-date: /home/kachi/ros2_ws2/install/person_msgs/include/person_msgs
[8.010s] -- Up-to-date: /home/kachi/ros2_ws2/install/person_msgs/include/person_msgs/msg
[8.010s] -- Installing: /home/kachi/ros2_ws2/install/person_msgs/include/person_msgs/msg/rosidl_typesupport_fastrtps_cpp__visibility_control.h
[8.010s] -- Installing: /home/kachi/ros2_ws2/install/person_msgs/include/person_msgs/msg/dds_fastrtps
[8.010s] -- Installing: /home/kachi/ros2_ws2/install/person_msgs/include/person_msgs/msg/person__rosidl_typesupport_fastrtps_cpp.hpp
[8.010s] -- Installing: /home/kachi/ros2_ws2/install/person_msgs/lib/libperson_msgs__rosidl_typesupport_fastrtps_cpp.so
[8.010s] -- Set runtime path of "/home/kachi/ros2_ws2/install/person_msgs/lib/libperson_msgs__rosidl_typesupport_fastrtps_cpp.so" to ""
[8.010s] -- Up-to-date: /home/kachi/ros2_ws2/install/person_msgs/include/person_msgs
[8.010s] -- Up-to-date: /home/kachi/ros2_ws2/install/person_msgs/include/person_msgs/msg
[8.010s] -- Installing: /home/kachi/ros2_ws2/install/person_msgs/include/person_msgs/msg/person.hpp
[8.011s] -- Installing: /home/kachi/ros2_ws2/install/person_msgs/include/person_msgs/msg/person__traits.hpp
[8.011s] -- Installing: /home/kachi/ros2_ws2/install/person_msgs/include/person_msgs/msg/person__struct.hpp
[8.011s] -- Up-to-date: /home/kachi/ros2_ws2/install/person_msgs/include/person_msgs
[8.011s] -- Up-to-date: /home/kachi/ros2_ws2/install/person_msgs/include/person_msgs/msg
[8.011s] -- Installing: /home/kachi/ros2_ws2/install/person_msgs/include/person_msgs/msg/rosidl_typesupport_introspection_c__visibility_control.h
[8.011s] -- Installing: /home/kachi/ros2_ws2/install/person_msgs/include/person_msgs/msg/person__type_support.c
[8.011s] -- Installing: /home/kachi/ros2_ws2/install/person_msgs/include/person_msgs/msg/person__rosidl_typesupport_introspection_c.h
[8.011s] -- Installing: /home/kachi/ros2_ws2/install/person_msgs/lib/libperson_msgs__rosidl_typesupport_introspection_c.so
[8.011s] -- Set runtime path of "/home/kachi/ros2_ws2/install/person_msgs/lib/libperson_msgs__rosidl_typesupport_introspection_c.so" to ""
[8.011s] -- Up-to-date: /home/kachi/ros2_ws2/install/person_msgs/include/person_msgs
[8.011s] -- Up-to-date: /home/kachi/ros2_ws2/install/person_msgs/include/person_msgs/msg
[8.011s] -- Installing: /home/kachi/ros2_ws2/install/person_msgs/include/person_msgs/msg/person__rosidl_typesupport_introspection_cpp.hpp
[8.011s] -- Installing: /home/kachi/ros2_ws2/install/person_msgs/include/person_msgs/msg/person__type_support.cpp
[8.011s] -- Installing: /home/kachi/ros2_ws2/install/person_msgs/lib/libperson_msgs__rosidl_typesupport_introspection_cpp.so
[8.011s] -- Set runtime path of "/home/kachi/ros2_ws2/install/person_msgs/lib/libperson_msgs__rosidl_typesupport_introspection_cpp.so" to ""
[8.011s] -- Installing: /home/kachi/ros2_ws2/install/person_msgs/share/person_msgs/environment/pythonpath.sh
[8.011s] -- Installing: /home/kachi/ros2_ws2/install/person_msgs/lib/python3.6/site-packages/person_msgs/__init__.py
[8.031s] Compiling '/home/kachi/ros2_ws2/install/person_msgs/lib/python3.6/site-packages/person_msgs/__init__.py'...
[8.034s] -- Installing: /home/kachi/ros2_ws2/install/person_msgs/lib/python3.6/site-packages/person_msgs/msg
[8.034s] -- Installing: /home/kachi/ros2_ws2/install/person_msgs/lib/python3.6/site-packages/person_msgs/msg/_person.py
[8.034s] -- Installing: /home/kachi/ros2_ws2/install/person_msgs/lib/python3.6/site-packages/person_msgs/msg/_person_s.c
[8.035s] -- Installing: /home/kachi/ros2_ws2/install/person_msgs/lib/python3.6/site-packages/person_msgs/msg/__init__.py
[8.035s] -- Installing: /home/kachi/ros2_ws2/install/person_msgs/lib/python3.6/site-packages/person_msgs/person_msgs_s__rosidl_typesupport_c.cpython-36m-x86_64-linux-gnu.so
[8.035s] -- Set runtime path of "/home/kachi/ros2_ws2/install/person_msgs/lib/python3.6/site-packages/person_msgs/person_msgs_s__rosidl_typesupport_c.cpython-36m-x86_64-linux-gnu.so" to ""
[8.035s] -- Installing: /home/kachi/ros2_ws2/install/person_msgs/lib/python3.6/site-packages/person_msgs/person_msgs_s__rosidl_typesupport_fastrtps_c.cpython-36m-x86_64-linux-gnu.so
[8.035s] -- Set runtime path of "/home/kachi/ros2_ws2/install/person_msgs/lib/python3.6/site-packages/person_msgs/person_msgs_s__rosidl_typesupport_fastrtps_c.cpython-36m-x86_64-linux-gnu.so" to ""
[8.036s] -- Installing: /home/kachi/ros2_ws2/install/person_msgs/lib/libperson_msgs__python.so
[8.036s] -- Set runtime path of "/home/kachi/ros2_ws2/install/person_msgs/lib/libperson_msgs__python.so" to ""
[8.036s] -- Installing: /home/kachi/ros2_ws2/install/person_msgs/share/person_msgs/msg/Person.idl
[8.036s] -- Installing: /home/kachi/ros2_ws2/install/person_msgs/share/person_msgs/msg/Person.msg
[8.036s] -- Installing: /home/kachi/ros2_ws2/install/person_msgs/share/ament_index/resource_index/package_run_dependencies/person_msgs
[8.036s] -- Installing: /home/kachi/ros2_ws2/install/person_msgs/share/ament_index/resource_index/parent_prefix_path/person_msgs
[8.036s] -- Installing: /home/kachi/ros2_ws2/install/person_msgs/share/person_msgs/environment/ament_prefix_path.sh
[8.036s] -- Installing: /home/kachi/ros2_ws2/install/person_msgs/share/person_msgs/environment/path.sh
[8.036s] -- Installing: /home/kachi/ros2_ws2/install/person_msgs/share/person_msgs/local_setup.bash
[8.037s] -- Installing: /home/kachi/ros2_ws2/install/person_msgs/share/person_msgs/local_setup.sh
[8.037s] -- Installing: /home/kachi/ros2_ws2/install/person_msgs/share/person_msgs/local_setup.zsh
[8.037s] -- Installing: /home/kachi/ros2_ws2/install/person_msgs/share/ament_index/resource_index/packages/person_msgs
[8.037s] -- Installing: /home/kachi/ros2_ws2/install/person_msgs/share/person_msgs/cmake/rosidl_cmake-extras.cmake
[8.037s] -- Installing: /home/kachi/ros2_ws2/install/person_msgs/share/person_msgs/cmake/ament_cmake_export_libraries-extras.cmake
[8.037s] -- Installing: /home/kachi/ros2_ws2/install/person_msgs/share/person_msgs/cmake/ament_cmake_export_include_directories-extras.cmake
[8.037s] -- Installing: /home/kachi/ros2_ws2/install/person_msgs/share/person_msgs/cmake/person_msgsConfig.cmake
[8.037s] -- Installing: /home/kachi/ros2_ws2/install/person_msgs/share/person_msgs/cmake/person_msgsConfig-version.cmake
[8.037s] -- Installing: /home/kachi/ros2_ws2/install/person_msgs/share/person_msgs/package.xml
[8.041s] Invoked command in '/home/kachi/ros2_ws2/build/person_msgs' returned '0': CMAKE_PREFIX_PATH=${CMAKE_PREFIX_PATH}:/home/kachi/ros2_ws/install/mypkg:/opt/ros/dashing /usr/bin/cmake --build /home/kachi/ros2_ws2/build/person_msgs --target install -- -j8 -l8
