[0.452s] Invoking command in '/home/kachi/ros2_ws2/ros2_ws2/src/mypkg': PYTHONPATH=/home/kachi/ros2_ws2/install/mypkg/lib/python3.6/site-packages:${PYTHONPATH} /usr/bin/python3 setup.py egg_info --egg-base ../../../build/mypkg build --build-base /home/kachi/ros2_ws2/build/mypkg/build install --prefix /home/kachi/ros2_ws2/install/mypkg --record /home/kachi/ros2_ws2/build/mypkg/install.log --single-version-externally-managed
[0.576s] running egg_info
[0.576s] creating ../../../build/mypkg/mypkg.egg-info
[0.576s] writing ../../../build/mypkg/mypkg.egg-info/PKG-INFO
[0.577s] writing dependency_links to ../../../build/mypkg/mypkg.egg-info/dependency_links.txt
[0.577s] writing entry points to ../../../build/mypkg/mypkg.egg-info/entry_points.txt
[0.577s] writing requirements to ../../../build/mypkg/mypkg.egg-info/requires.txt
[0.577s] writing top-level names to ../../../build/mypkg/mypkg.egg-info/top_level.txt
[0.577s] writing manifest file '../../../build/mypkg/mypkg.egg-info/SOURCES.txt'
[0.596s] reading manifest file '../../../build/mypkg/mypkg.egg-info/SOURCES.txt'
[0.596s] writing manifest file '../../../build/mypkg/mypkg.egg-info/SOURCES.txt'
[0.597s] running build
[0.597s] running build_py
[0.597s] creating /home/kachi/ros2_ws2/build/mypkg/build
[0.598s] creating /home/kachi/ros2_ws2/build/mypkg/build/lib
[0.598s] creating /home/kachi/ros2_ws2/build/mypkg/build/lib/mypkg
[0.598s] copying mypkg/__init__.py -> /home/kachi/ros2_ws2/build/mypkg/build/lib/mypkg
[0.598s] running install
[0.599s] running install_lib
[0.599s] creating /home/kachi/ros2_ws2/install/mypkg/lib/python3.6/site-packages/mypkg
[0.599s] copying /home/kachi/ros2_ws2/build/mypkg/build/lib/mypkg/__init__.py -> /home/kachi/ros2_ws2/install/mypkg/lib/python3.6/site-packages/mypkg
[0.599s] byte-compiling /home/kachi/ros2_ws2/install/mypkg/lib/python3.6/site-packages/mypkg/__init__.py to __init__.cpython-36.pyc
[0.599s] running install_data
[0.600s] creating /home/kachi/ros2_ws2/install/mypkg/share/ament_index
[0.600s] creating /home/kachi/ros2_ws2/install/mypkg/share/ament_index/resource_index
[0.600s] creating /home/kachi/ros2_ws2/install/mypkg/share/ament_index/resource_index/packages
[0.600s] copying resource/mypkg -> /home/kachi/ros2_ws2/install/mypkg/share/ament_index/resource_index/packages
[0.600s] copying package.xml -> /home/kachi/ros2_ws2/install/mypkg/share/mypkg
[0.600s] running install_egg_info
[0.601s] Copying ../../../build/mypkg/mypkg.egg-info to /home/kachi/ros2_ws2/install/mypkg/lib/python3.6/site-packages/mypkg-0.0.0-py3.6.egg-info
[0.602s] running install_scripts
[0.614s] writing list of installed files to '/home/kachi/ros2_ws2/build/mypkg/install.log'
[0.628s] Invoked command in '/home/kachi/ros2_ws2/ros2_ws2/src/mypkg' returned '0': PYTHONPATH=/home/kachi/ros2_ws2/install/mypkg/lib/python3.6/site-packages:${PYTHONPATH} /usr/bin/python3 setup.py egg_info --egg-base ../../../build/mypkg build --build-base /home/kachi/ros2_ws2/build/mypkg/build install --prefix /home/kachi/ros2_ws2/install/mypkg --record /home/kachi/ros2_ws2/build/mypkg/install.log --single-version-externally-managed
