[0.153s] DEBUG:colcon:Command line arguments: ['/usr/bin/colcon', 'build']
[0.153s] DEBUG:colcon:Parsed command line arguments: Namespace(allow_overriding=[], ament_cmake_args=None, base_paths=['.'], build_base='build', catkin_cmake_args=None, catkin_skip_building_tests=False, cmake_args=None, cmake_clean_cache=False, cmake_clean_first=False, cmake_force_configure=False, cmake_target=None, cmake_target_skip_unavailable=False, continue_on_error=False, event_handlers=None, executor='parallel', ignore_user_meta=False, install_base='install', log_base=None, log_level=None, main=<bound method BuildVerb.main of <colcon_core.verb.build.BuildVerb object at 0x7f17cb342b38>>, merge_install=False, metas=['./colcon.meta'], packages_above=None, packages_above_and_dependencies=None, packages_above_depth=None, packages_end=None, packages_ignore=None, packages_ignore_regex=None, packages_select=None, packages_select_build_failed=False, packages_select_by_dep=None, packages_select_regex=None, packages_select_test_failures=False, packages_skip=None, packages_skip_build_finished=False, packages_skip_by_dep=None, packages_skip_regex=None, packages_skip_test_passed=False, packages_skip_up_to=None, packages_start=None, packages_up_to=None, packages_up_to_regex=None, parallel_workers=8, paths=None, symlink_install=False, test_result_base=None, verb_extension=<colcon_core.verb.build.BuildVerb object at 0x7f17cb342b38>, verb_name='build', verb_parser=<colcon_defaults.argument_parser.defaults.DefaultArgumentsDecorator object at 0x7f17cb342e80>)
[0.172s] Level 1:colcon.colcon_core.package_discovery:discover_packages(colcon_meta) check parameters
[0.172s] Level 1:colcon.colcon_core.package_discovery:discover_packages(recursive) check parameters
[0.172s] Level 1:colcon.colcon_core.package_discovery:discover_packages(ignore) check parameters
[0.172s] Level 1:colcon.colcon_core.package_discovery:discover_packages(path) check parameters
[0.172s] Level 1:colcon.colcon_core.package_discovery:discover_packages(colcon_meta) discover
[0.172s] Level 1:colcon.colcon_core.package_discovery:discover_packages(recursive) discover
[0.172s] INFO:colcon.colcon_core.package_discovery:Crawling recursively for packages in '/home/kachi/ros2_ws2'
[0.172s] Level 1:colcon.colcon_core.package_identification:_identify(.) by extensions ['ignore', 'ignore_ament_install']
[0.172s] Level 1:colcon.colcon_core.package_identification:_identify(.) by extension 'ignore'
[0.172s] Level 1:colcon.colcon_core.package_identification:_identify(.) by extension 'ignore_ament_install'
[0.172s] Level 1:colcon.colcon_core.package_identification:_identify(.) by extensions ['colcon_pkg']
[0.172s] Level 1:colcon.colcon_core.package_identification:_identify(.) by extension 'colcon_pkg'
[0.172s] Level 1:colcon.colcon_core.package_identification:_identify(.) by extensions ['colcon_meta']
[0.172s] Level 1:colcon.colcon_core.package_identification:_identify(.) by extension 'colcon_meta'
[0.172s] Level 1:colcon.colcon_core.package_identification:_identify(.) by extensions ['ros']
[0.172s] Level 1:colcon.colcon_core.package_identification:_identify(.) by extension 'ros'
[0.186s] Level 1:colcon.colcon_core.package_identification:_identify(.) by extensions ['cmake', 'python']
[0.186s] Level 1:colcon.colcon_core.package_identification:_identify(.) by extension 'cmake'
[0.186s] Level 1:colcon.colcon_core.package_identification:_identify(.) by extension 'python'
[0.186s] Level 1:colcon.colcon_core.package_identification:_identify(.) by extensions ['python_setup_py']
[0.186s] Level 1:colcon.colcon_core.package_identification:_identify(.) by extension 'python_setup_py'
[0.186s] Level 1:colcon.colcon_core.package_identification:_identify(build) by extensions ['ignore', 'ignore_ament_install']
[0.186s] Level 1:colcon.colcon_core.package_identification:_identify(build) by extension 'ignore'
[0.186s] Level 1:colcon.colcon_core.package_identification:_identify(build) ignored
[0.186s] Level 1:colcon.colcon_core.package_identification:_identify(install) by extensions ['ignore', 'ignore_ament_install']
[0.187s] Level 1:colcon.colcon_core.package_identification:_identify(install) by extension 'ignore'
[0.187s] Level 1:colcon.colcon_core.package_identification:_identify(install) ignored
[0.187s] Level 1:colcon.colcon_core.package_identification:_identify(log) by extensions ['ignore', 'ignore_ament_install']
[0.187s] Level 1:colcon.colcon_core.package_identification:_identify(log) by extension 'ignore'
[0.187s] Level 1:colcon.colcon_core.package_identification:_identify(log) ignored
[0.187s] Level 1:colcon.colcon_core.package_identification:_identify(ros2_ws2) by extensions ['ignore', 'ignore_ament_install']
[0.187s] Level 1:colcon.colcon_core.package_identification:_identify(ros2_ws2) by extension 'ignore'
[0.187s] Level 1:colcon.colcon_core.package_identification:_identify(ros2_ws2) by extension 'ignore_ament_install'
[0.187s] Level 1:colcon.colcon_core.package_identification:_identify(ros2_ws2) by extensions ['colcon_pkg']
[0.187s] Level 1:colcon.colcon_core.package_identification:_identify(ros2_ws2) by extension 'colcon_pkg'
[0.187s] Level 1:colcon.colcon_core.package_identification:_identify(ros2_ws2) by extensions ['colcon_meta']
[0.187s] Level 1:colcon.colcon_core.package_identification:_identify(ros2_ws2) by extension 'colcon_meta'
[0.187s] Level 1:colcon.colcon_core.package_identification:_identify(ros2_ws2) by extensions ['ros']
[0.187s] Level 1:colcon.colcon_core.package_identification:_identify(ros2_ws2) by extension 'ros'
[0.187s] Level 1:colcon.colcon_core.package_identification:_identify(ros2_ws2) by extensions ['cmake', 'python']
[0.187s] Level 1:colcon.colcon_core.package_identification:_identify(ros2_ws2) by extension 'cmake'
[0.187s] Level 1:colcon.colcon_core.package_identification:_identify(ros2_ws2) by extension 'python'
[0.187s] Level 1:colcon.colcon_core.package_identification:_identify(ros2_ws2) by extensions ['python_setup_py']
[0.187s] Level 1:colcon.colcon_core.package_identification:_identify(ros2_ws2) by extension 'python_setup_py'
[0.187s] Level 1:colcon.colcon_core.package_identification:_identify(ros2_ws2/src) by extensions ['ignore', 'ignore_ament_install']
[0.187s] Level 1:colcon.colcon_core.package_identification:_identify(ros2_ws2/src) by extension 'ignore'
[0.187s] Level 1:colcon.colcon_core.package_identification:_identify(ros2_ws2/src) by extension 'ignore_ament_install'
[0.187s] Level 1:colcon.colcon_core.package_identification:_identify(ros2_ws2/src) by extensions ['colcon_pkg']
[0.187s] Level 1:colcon.colcon_core.package_identification:_identify(ros2_ws2/src) by extension 'colcon_pkg'
[0.188s] Level 1:colcon.colcon_core.package_identification:_identify(ros2_ws2/src) by extensions ['colcon_meta']
[0.188s] Level 1:colcon.colcon_core.package_identification:_identify(ros2_ws2/src) by extension 'colcon_meta'
[0.188s] Level 1:colcon.colcon_core.package_identification:_identify(ros2_ws2/src) by extensions ['ros']
[0.188s] Level 1:colcon.colcon_core.package_identification:_identify(ros2_ws2/src) by extension 'ros'
[0.188s] Level 1:colcon.colcon_core.package_identification:_identify(ros2_ws2/src) by extensions ['cmake', 'python']
[0.188s] Level 1:colcon.colcon_core.package_identification:_identify(ros2_ws2/src) by extension 'cmake'
[0.188s] Level 1:colcon.colcon_core.package_identification:_identify(ros2_ws2/src) by extension 'python'
[0.188s] Level 1:colcon.colcon_core.package_identification:_identify(ros2_ws2/src) by extensions ['python_setup_py']
[0.188s] Level 1:colcon.colcon_core.package_identification:_identify(ros2_ws2/src) by extension 'python_setup_py'
[0.188s] Level 1:colcon.colcon_core.package_identification:_identify(ros2_ws2/src/mypkg) by extensions ['ignore', 'ignore_ament_install']
[0.188s] Level 1:colcon.colcon_core.package_identification:_identify(ros2_ws2/src/mypkg) by extension 'ignore'
[0.188s] Level 1:colcon.colcon_core.package_identification:_identify(ros2_ws2/src/mypkg) by extension 'ignore_ament_install'
[0.188s] Level 1:colcon.colcon_core.package_identification:_identify(ros2_ws2/src/mypkg) by extensions ['colcon_pkg']
[0.188s] Level 1:colcon.colcon_core.package_identification:_identify(ros2_ws2/src/mypkg) by extension 'colcon_pkg'
[0.188s] Level 1:colcon.colcon_core.package_identification:_identify(ros2_ws2/src/mypkg) by extensions ['colcon_meta']
[0.188s] Level 1:colcon.colcon_core.package_identification:_identify(ros2_ws2/src/mypkg) by extension 'colcon_meta'
[0.188s] Level 1:colcon.colcon_core.package_identification:_identify(ros2_ws2/src/mypkg) by extensions ['ros']
[0.188s] Level 1:colcon.colcon_core.package_identification:_identify(ros2_ws2/src/mypkg) by extension 'ros'
[0.190s] DEBUG:colcon.colcon_core.package_identification:Package 'ros2_ws2/src/mypkg' with type 'ros.ament_python' and name 'mypkg'
[0.190s] Level 1:colcon.colcon_core.package_identification:_identify(ros2_ws2/src/person_msgs) by extensions ['ignore', 'ignore_ament_install']
[0.190s] Level 1:colcon.colcon_core.package_identification:_identify(ros2_ws2/src/person_msgs) by extension 'ignore'
[0.190s] Level 1:colcon.colcon_core.package_identification:_identify(ros2_ws2/src/person_msgs) by extension 'ignore_ament_install'
[0.190s] Level 1:colcon.colcon_core.package_identification:_identify(ros2_ws2/src/person_msgs) by extensions ['colcon_pkg']
[0.190s] Level 1:colcon.colcon_core.package_identification:_identify(ros2_ws2/src/person_msgs) by extension 'colcon_pkg'
[0.190s] Level 1:colcon.colcon_core.package_identification:_identify(ros2_ws2/src/person_msgs) by extensions ['colcon_meta']
[0.190s] Level 1:colcon.colcon_core.package_identification:_identify(ros2_ws2/src/person_msgs) by extension 'colcon_meta'
[0.190s] Level 1:colcon.colcon_core.package_identification:_identify(ros2_ws2/src/person_msgs) by extensions ['ros']
[0.190s] Level 1:colcon.colcon_core.package_identification:_identify(ros2_ws2/src/person_msgs) by extension 'ros'
[0.191s] DEBUG:colcon.colcon_core.package_identification:Package 'ros2_ws2/src/person_msgs' with type 'ros.ament_cmake' and name 'person_msgs'
[0.191s] Level 1:colcon.colcon_core.package_discovery:discover_packages(recursive) using defaults
[0.191s] Level 1:colcon.colcon_core.package_discovery:discover_packages(ignore) discover
[0.191s] Level 1:colcon.colcon_core.package_discovery:discover_packages(ignore) using defaults
[0.191s] Level 1:colcon.colcon_core.package_discovery:discover_packages(path) discover
[0.191s] Level 1:colcon.colcon_core.package_discovery:discover_packages(path) using defaults
[0.206s] Level 1:colcon.colcon_core.package_discovery:discover_packages(prefix_path) check parameters
[0.206s] Level 1:colcon.colcon_core.package_discovery:discover_packages(prefix_path) discover
[0.208s] DEBUG:colcon.colcon_installed_package_information.package_discovery:Found 2 installed packages in /home/kachi/ros2_ws/install
[0.209s] DEBUG:colcon.colcon_installed_package_information.package_discovery:Found 215 installed packages in /opt/ros/dashing
[0.210s] Level 1:colcon.colcon_core.package_discovery:discover_packages(prefix_path) using defaults
[0.249s] Level 5:colcon.colcon_core.verb:set package 'mypkg' build argument 'cmake_args' from command line to 'None'
[0.249s] Level 5:colcon.colcon_core.verb:set package 'mypkg' build argument 'cmake_target' from command line to 'None'
[0.249s] Level 5:colcon.colcon_core.verb:set package 'mypkg' build argument 'cmake_target_skip_unavailable' from command line to 'False'
[0.249s] Level 5:colcon.colcon_core.verb:set package 'mypkg' build argument 'cmake_clean_cache' from command line to 'False'
[0.249s] Level 5:colcon.colcon_core.verb:set package 'mypkg' build argument 'cmake_clean_first' from command line to 'False'
[0.249s] Level 5:colcon.colcon_core.verb:set package 'mypkg' build argument 'cmake_force_configure' from command line to 'False'
[0.249s] Level 5:colcon.colcon_core.verb:set package 'mypkg' build argument 'ament_cmake_args' from command line to 'None'
[0.249s] Level 5:colcon.colcon_core.verb:set package 'mypkg' build argument 'catkin_cmake_args' from command line to 'None'
[0.249s] Level 5:colcon.colcon_core.verb:set package 'mypkg' build argument 'catkin_skip_building_tests' from command line to 'False'
[0.249s] DEBUG:colcon.colcon_core.verb:Building package 'mypkg' with the following arguments: {'ament_cmake_args': None, 'build_base': '/home/kachi/ros2_ws2/build/mypkg', 'catkin_cmake_args': None, 'catkin_skip_building_tests': False, 'cmake_args': None, 'cmake_clean_cache': False, 'cmake_clean_first': False, 'cmake_force_configure': False, 'cmake_target': None, 'cmake_target_skip_unavailable': False, 'install_base': '/home/kachi/ros2_ws2/install/mypkg', 'merge_install': False, 'path': '/home/kachi/ros2_ws2/ros2_ws2/src/mypkg', 'symlink_install': False, 'test_result_base': None}
[0.250s] Level 5:colcon.colcon_core.verb:set package 'person_msgs' build argument 'cmake_args' from command line to 'None'
[0.250s] Level 5:colcon.colcon_core.verb:set package 'person_msgs' build argument 'cmake_target' from command line to 'None'
[0.250s] Level 5:colcon.colcon_core.verb:set package 'person_msgs' build argument 'cmake_target_skip_unavailable' from command line to 'False'
[0.250s] Level 5:colcon.colcon_core.verb:set package 'person_msgs' build argument 'cmake_clean_cache' from command line to 'False'
[0.250s] Level 5:colcon.colcon_core.verb:set package 'person_msgs' build argument 'cmake_clean_first' from command line to 'False'
[0.250s] Level 5:colcon.colcon_core.verb:set package 'person_msgs' build argument 'cmake_force_configure' from command line to 'False'
[0.250s] Level 5:colcon.colcon_core.verb:set package 'person_msgs' build argument 'ament_cmake_args' from command line to 'None'
[0.250s] Level 5:colcon.colcon_core.verb:set package 'person_msgs' build argument 'catkin_cmake_args' from command line to 'None'
[0.250s] Level 5:colcon.colcon_core.verb:set package 'person_msgs' build argument 'catkin_skip_building_tests' from command line to 'False'
[0.250s] DEBUG:colcon.colcon_core.verb:Building package 'person_msgs' with the following arguments: {'ament_cmake_args': None, 'build_base': '/home/kachi/ros2_ws2/build/person_msgs', 'catkin_cmake_args': None, 'catkin_skip_building_tests': False, 'cmake_args': None, 'cmake_clean_cache': False, 'cmake_clean_first': False, 'cmake_force_configure': False, 'cmake_target': None, 'cmake_target_skip_unavailable': False, 'install_base': '/home/kachi/ros2_ws2/install/person_msgs', 'merge_install': False, 'path': '/home/kachi/ros2_ws2/ros2_ws2/src/person_msgs', 'symlink_install': False, 'test_result_base': None}
[0.250s] INFO:colcon.colcon_core.executor:Executing jobs using 'parallel' executor
[0.254s] DEBUG:colcon.colcon_parallel_executor.executor.parallel:run_until_complete
[0.254s] INFO:colcon.colcon_ros.task.ament_python.build:Building ROS package in '/home/kachi/ros2_ws2/ros2_ws2/src/mypkg' with build type 'ament_python'
[0.254s] Level 1:colcon.colcon_core.shell:create_environment_hook('mypkg', 'ament_prefix_path')
[0.257s] INFO:colcon.colcon_core.plugin_system:Skipping extension 'colcon_core.shell.bat': Not used on non-Windows systems
[0.257s] INFO:colcon.colcon_core.shell:Creating environment hook '/home/kachi/ros2_ws2/install/mypkg/share/mypkg/hook/ament_prefix_path.ps1'
[0.257s] INFO:colcon.colcon_core.shell:Creating environment descriptor '/home/kachi/ros2_ws2/install/mypkg/share/mypkg/hook/ament_prefix_path.dsv'
[0.258s] INFO:colcon.colcon_core.shell:Creating environment hook '/home/kachi/ros2_ws2/install/mypkg/share/mypkg/hook/ament_prefix_path.sh'
[0.259s] INFO:colcon.colcon_core.shell:Skip shell extension 'powershell' for command environment: Not usable outside of PowerShell
[0.259s] DEBUG:colcon.colcon_core.shell:Skip shell extension 'dsv' for command environment
[0.262s] INFO:colcon.colcon_ros.task.ament_cmake.build:Building ROS package in '/home/kachi/ros2_ws2/ros2_ws2/src/person_msgs' with build type 'ament_cmake'
[0.262s] INFO:colcon.colcon_cmake.task.cmake.build:Building CMake package in '/home/kachi/ros2_ws2/ros2_ws2/src/person_msgs'
[0.263s] INFO:colcon.colcon_core.shell:Skip shell extension 'powershell' for command environment: Not usable outside of PowerShell
[0.263s] DEBUG:colcon.colcon_core.shell:Skip shell extension 'dsv' for command environment
[0.408s] INFO:colcon.colcon_core.task.python.build:Building Python package in '/home/kachi/ros2_ws2/ros2_ws2/src/mypkg'
[0.409s] INFO:colcon.colcon_core.shell:Skip shell extension 'powershell' for command environment: Not usable outside of PowerShell
[0.409s] DEBUG:colcon.colcon_core.shell:Skip shell extension 'dsv' for command environment
[0.416s] DEBUG:colcon.colcon_core.event_handler.log_command:Invoking command in '/home/kachi/ros2_ws2/build/person_msgs': CMAKE_PREFIX_PATH=${CMAKE_PREFIX_PATH}:/home/kachi/ros2_ws/install/mypkg:/opt/ros/dashing /usr/bin/cmake /home/kachi/ros2_ws2/ros2_ws2/src/person_msgs -DCMAKE_INSTALL_PREFIX=/home/kachi/ros2_ws2/install/person_msgs
[0.651s] DEBUG:colcon.colcon_core.event_handler.log_command:Invoking command in '/home/kachi/ros2_ws2/ros2_ws2/src/mypkg': PYTHONPATH=/home/kachi/ros2_ws2/install/mypkg/lib/python3.6/site-packages:${PYTHONPATH} /usr/bin/python3 setup.py egg_info --egg-base ../../../build/mypkg build --build-base /home/kachi/ros2_ws2/build/mypkg/build install --prefix /home/kachi/ros2_ws2/install/mypkg --record /home/kachi/ros2_ws2/build/mypkg/install.log --single-version-externally-managed
[0.885s] DEBUG:colcon.colcon_core.event_handler.log_command:Invoked command in '/home/kachi/ros2_ws2/ros2_ws2/src/mypkg' returned '0': PYTHONPATH=/home/kachi/ros2_ws2/install/mypkg/lib/python3.6/site-packages:${PYTHONPATH} /usr/bin/python3 setup.py egg_info --egg-base ../../../build/mypkg build --build-base /home/kachi/ros2_ws2/build/mypkg/build install --prefix /home/kachi/ros2_ws2/install/mypkg --record /home/kachi/ros2_ws2/build/mypkg/install.log --single-version-externally-managed
[0.887s] Level 1:colcon.colcon_core.environment:checking '/home/kachi/ros2_ws2/install/mypkg' for CMake module files
[0.888s] Level 1:colcon.colcon_core.environment:checking '/home/kachi/ros2_ws2/install/mypkg' for CMake config files
[0.889s] Level 1:colcon.colcon_core.environment:checking '/home/kachi/ros2_ws2/install/mypkg/lib'
[0.889s] Level 1:colcon.colcon_core.environment:checking '/home/kachi/ros2_ws2/install/mypkg/bin'
[0.889s] Level 1:colcon.colcon_core.environment:checking '/home/kachi/ros2_ws2/install/mypkg/lib/pkgconfig/mypkg.pc'
[0.889s] Level 1:colcon.colcon_core.environment:checking '/home/kachi/ros2_ws2/install/mypkg/lib/python3.6/site-packages'
[0.889s] Level 1:colcon.colcon_core.shell:create_environment_hook('mypkg', 'pythonpath')
[0.890s] INFO:colcon.colcon_core.shell:Creating environment hook '/home/kachi/ros2_ws2/install/mypkg/share/mypkg/hook/pythonpath.ps1'
[0.891s] INFO:colcon.colcon_core.shell:Creating environment descriptor '/home/kachi/ros2_ws2/install/mypkg/share/mypkg/hook/pythonpath.dsv'
[0.891s] INFO:colcon.colcon_core.shell:Creating environment hook '/home/kachi/ros2_ws2/install/mypkg/share/mypkg/hook/pythonpath.sh'
[0.891s] Level 1:colcon.colcon_core.environment:checking '/home/kachi/ros2_ws2/install/mypkg/bin'
[0.891s] Level 1:colcon.colcon_core.environment:create_environment_scripts_only(mypkg)
[0.893s] INFO:colcon.colcon_core.shell:Creating package script '/home/kachi/ros2_ws2/install/mypkg/share/mypkg/package.ps1'
[0.894s] INFO:colcon.colcon_core.shell:Creating package descriptor '/home/kachi/ros2_ws2/install/mypkg/share/mypkg/package.dsv'
[0.894s] INFO:colcon.colcon_core.shell:Creating package script '/home/kachi/ros2_ws2/install/mypkg/share/mypkg/package.sh'
[0.895s] INFO:colcon.colcon_core.shell:Creating package script '/home/kachi/ros2_ws2/install/mypkg/share/mypkg/package.bash'
[0.896s] INFO:colcon.colcon_core.shell:Creating package script '/home/kachi/ros2_ws2/install/mypkg/share/mypkg/package.zsh'
[0.896s] Level 1:colcon.colcon_core.environment:create_file_with_runtime_dependencies(/home/kachi/ros2_ws2/install/mypkg/share/colcon-core/packages/mypkg)
[5.817s] DEBUG:colcon.colcon_core.event_handler.log_command:Invoked command in '/home/kachi/ros2_ws2/build/person_msgs' returned '0': CMAKE_PREFIX_PATH=${CMAKE_PREFIX_PATH}:/home/kachi/ros2_ws/install/mypkg:/opt/ros/dashing /usr/bin/cmake /home/kachi/ros2_ws2/ros2_ws2/src/person_msgs -DCMAKE_INSTALL_PREFIX=/home/kachi/ros2_ws2/install/person_msgs
[5.820s] DEBUG:colcon.colcon_core.event_handler.log_command:Invoking command in '/home/kachi/ros2_ws2/build/person_msgs': CMAKE_PREFIX_PATH=${CMAKE_PREFIX_PATH}:/home/kachi/ros2_ws/install/mypkg:/opt/ros/dashing /usr/bin/cmake --build /home/kachi/ros2_ws2/build/person_msgs -- -j8 -l8
[8.064s] DEBUG:colcon.colcon_core.event_handler.log_command:Invoked command in '/home/kachi/ros2_ws2/build/person_msgs' returned '0': CMAKE_PREFIX_PATH=${CMAKE_PREFIX_PATH}:/home/kachi/ros2_ws/install/mypkg:/opt/ros/dashing /usr/bin/cmake --build /home/kachi/ros2_ws2/build/person_msgs -- -j8 -l8
[8.117s] DEBUG:colcon.colcon_core.event_handler.log_command:Invoking command in '/home/kachi/ros2_ws2/build/person_msgs': CMAKE_PREFIX_PATH=${CMAKE_PREFIX_PATH}:/home/kachi/ros2_ws/install/mypkg:/opt/ros/dashing /usr/bin/cmake --build /home/kachi/ros2_ws2/build/person_msgs --target install -- -j8 -l8
[8.302s] Level 1:colcon.colcon_core.environment:create_environment_scripts_only(person_msgs)
[8.304s] Level 1:colcon.colcon_core.environment:checking '/home/kachi/ros2_ws2/install/person_msgs' for CMake module files
[8.304s] DEBUG:colcon.colcon_core.event_handler.log_command:Invoked command in '/home/kachi/ros2_ws2/build/person_msgs' returned '0': CMAKE_PREFIX_PATH=${CMAKE_PREFIX_PATH}:/home/kachi/ros2_ws/install/mypkg:/opt/ros/dashing /usr/bin/cmake --build /home/kachi/ros2_ws2/build/person_msgs --target install -- -j8 -l8
[8.304s] Level 1:colcon.colcon_core.environment:checking '/home/kachi/ros2_ws2/install/person_msgs' for CMake config files
[8.304s] Level 1:colcon.colcon_core.shell:create_environment_hook('person_msgs', 'cmake_prefix_path')
[8.305s] INFO:colcon.colcon_core.shell:Creating environment hook '/home/kachi/ros2_ws2/install/person_msgs/share/person_msgs/hook/cmake_prefix_path.ps1'
[8.305s] INFO:colcon.colcon_core.shell:Creating environment descriptor '/home/kachi/ros2_ws2/install/person_msgs/share/person_msgs/hook/cmake_prefix_path.dsv'
[8.306s] INFO:colcon.colcon_core.shell:Creating environment hook '/home/kachi/ros2_ws2/install/person_msgs/share/person_msgs/hook/cmake_prefix_path.sh'
[8.306s] Level 1:colcon.colcon_core.environment:checking '/home/kachi/ros2_ws2/install/person_msgs/lib'
[8.306s] Level 1:colcon.colcon_core.shell:create_environment_hook('person_msgs', 'ld_library_path_lib')
[8.307s] INFO:colcon.colcon_core.shell:Creating environment hook '/home/kachi/ros2_ws2/install/person_msgs/share/person_msgs/hook/ld_library_path_lib.ps1'
[8.307s] INFO:colcon.colcon_core.shell:Creating environment descriptor '/home/kachi/ros2_ws2/install/person_msgs/share/person_msgs/hook/ld_library_path_lib.dsv'
[8.308s] INFO:colcon.colcon_core.shell:Creating environment hook '/home/kachi/ros2_ws2/install/person_msgs/share/person_msgs/hook/ld_library_path_lib.sh'
[8.308s] Level 1:colcon.colcon_core.environment:checking '/home/kachi/ros2_ws2/install/person_msgs/bin'
[8.308s] Level 1:colcon.colcon_core.environment:checking '/home/kachi/ros2_ws2/install/person_msgs/lib/pkgconfig/person_msgs.pc'
[8.308s] Level 1:colcon.colcon_core.environment:checking '/home/kachi/ros2_ws2/install/person_msgs/lib/python3.6/site-packages'
[8.308s] Level 1:colcon.colcon_core.shell:create_environment_hook('person_msgs', 'pythonpath')
[8.309s] INFO:colcon.colcon_core.shell:Creating environment hook '/home/kachi/ros2_ws2/install/person_msgs/share/person_msgs/hook/pythonpath.ps1'
[8.309s] INFO:colcon.colcon_core.shell:Creating environment descriptor '/home/kachi/ros2_ws2/install/person_msgs/share/person_msgs/hook/pythonpath.dsv'
[8.309s] INFO:colcon.colcon_core.shell:Creating environment hook '/home/kachi/ros2_ws2/install/person_msgs/share/person_msgs/hook/pythonpath.sh'
[8.309s] Level 1:colcon.colcon_core.environment:checking '/home/kachi/ros2_ws2/install/person_msgs/bin'
[8.310s] INFO:colcon.colcon_core.shell:Creating package script '/home/kachi/ros2_ws2/install/person_msgs/share/person_msgs/package.ps1'
[8.310s] INFO:colcon.colcon_core.shell:Creating package descriptor '/home/kachi/ros2_ws2/install/person_msgs/share/person_msgs/package.dsv'
[8.311s] INFO:colcon.colcon_core.shell:Creating package script '/home/kachi/ros2_ws2/install/person_msgs/share/person_msgs/package.sh'
[8.311s] INFO:colcon.colcon_core.shell:Creating package script '/home/kachi/ros2_ws2/install/person_msgs/share/person_msgs/package.bash'
[8.311s] INFO:colcon.colcon_core.shell:Creating package script '/home/kachi/ros2_ws2/install/person_msgs/share/person_msgs/package.zsh'
[8.311s] Level 1:colcon.colcon_core.environment:create_file_with_runtime_dependencies(/home/kachi/ros2_ws2/install/person_msgs/share/colcon-core/packages/person_msgs)
[8.346s] Level 1:colcon.colcon_core.environment:create_environment_scripts_only(person_msgs)
[8.347s] Level 1:colcon.colcon_core.environment:checking '/home/kachi/ros2_ws2/install/person_msgs' for CMake module files
[8.347s] Level 1:colcon.colcon_core.environment:checking '/home/kachi/ros2_ws2/install/person_msgs' for CMake config files
[8.348s] Level 1:colcon.colcon_core.shell:create_environment_hook('person_msgs', 'cmake_prefix_path')
[8.348s] INFO:colcon.colcon_core.shell:Creating environment hook '/home/kachi/ros2_ws2/install/person_msgs/share/person_msgs/hook/cmake_prefix_path.ps1'
[8.349s] INFO:colcon.colcon_core.shell:Creating environment descriptor '/home/kachi/ros2_ws2/install/person_msgs/share/person_msgs/hook/cmake_prefix_path.dsv'
[8.349s] INFO:colcon.colcon_core.shell:Creating environment hook '/home/kachi/ros2_ws2/install/person_msgs/share/person_msgs/hook/cmake_prefix_path.sh'
[8.350s] Level 1:colcon.colcon_core.environment:checking '/home/kachi/ros2_ws2/install/person_msgs/lib'
[8.350s] Level 1:colcon.colcon_core.shell:create_environment_hook('person_msgs', 'ld_library_path_lib')
[8.350s] INFO:colcon.colcon_core.shell:Creating environment hook '/home/kachi/ros2_ws2/install/person_msgs/share/person_msgs/hook/ld_library_path_lib.ps1'
[8.351s] INFO:colcon.colcon_core.shell:Creating environment descriptor '/home/kachi/ros2_ws2/install/person_msgs/share/person_msgs/hook/ld_library_path_lib.dsv'
[8.351s] INFO:colcon.colcon_core.shell:Creating environment hook '/home/kachi/ros2_ws2/install/person_msgs/share/person_msgs/hook/ld_library_path_lib.sh'
[8.351s] Level 1:colcon.colcon_core.environment:checking '/home/kachi/ros2_ws2/install/person_msgs/bin'
[8.351s] Level 1:colcon.colcon_core.environment:checking '/home/kachi/ros2_ws2/install/person_msgs/lib/pkgconfig/person_msgs.pc'
[8.351s] Level 1:colcon.colcon_core.environment:checking '/home/kachi/ros2_ws2/install/person_msgs/lib/python3.6/site-packages'
[8.351s] Level 1:colcon.colcon_core.shell:create_environment_hook('person_msgs', 'pythonpath')
[8.352s] INFO:colcon.colcon_core.shell:Creating environment hook '/home/kachi/ros2_ws2/install/person_msgs/share/person_msgs/hook/pythonpath.ps1'
[8.352s] INFO:colcon.colcon_core.shell:Creating environment descriptor '/home/kachi/ros2_ws2/install/person_msgs/share/person_msgs/hook/pythonpath.dsv'
[8.352s] INFO:colcon.colcon_core.shell:Creating environment hook '/home/kachi/ros2_ws2/install/person_msgs/share/person_msgs/hook/pythonpath.sh'
[8.352s] Level 1:colcon.colcon_core.environment:checking '/home/kachi/ros2_ws2/install/person_msgs/bin'
[8.354s] INFO:colcon.colcon_core.shell:Creating package script '/home/kachi/ros2_ws2/install/person_msgs/share/person_msgs/package.ps1'
[8.355s] INFO:colcon.colcon_core.shell:Creating package descriptor '/home/kachi/ros2_ws2/install/person_msgs/share/person_msgs/package.dsv'
[8.355s] INFO:colcon.colcon_core.shell:Creating package script '/home/kachi/ros2_ws2/install/person_msgs/share/person_msgs/package.sh'
[8.355s] INFO:colcon.colcon_core.shell:Creating package script '/home/kachi/ros2_ws2/install/person_msgs/share/person_msgs/package.bash'
[8.356s] INFO:colcon.colcon_core.shell:Creating package script '/home/kachi/ros2_ws2/install/person_msgs/share/person_msgs/package.zsh'
[8.356s] Level 1:colcon.colcon_core.environment:create_file_with_runtime_dependencies(/home/kachi/ros2_ws2/install/person_msgs/share/colcon-core/packages/person_msgs)
[8.356s] DEBUG:colcon.colcon_parallel_executor.executor.parallel:closing loop
[8.356s] DEBUG:colcon.colcon_parallel_executor.executor.parallel:loop closed
[8.357s] DEBUG:colcon.colcon_parallel_executor.executor.parallel:run_until_complete finished with '0'
[8.357s] DEBUG:colcon.colcon_core.event_reactor:joining thread
[8.380s] INFO:colcon.colcon_core.plugin_system:Skipping extension 'colcon_notification.desktop_notification.notify_send': Could not find 'notify-send'
[8.380s] INFO:colcon.colcon_core.plugin_system:Skipping extension 'colcon_notification.desktop_notification.terminal_notifier': Not used on non-Darwin systems
[8.380s] INFO:colcon.colcon_core.plugin_system:Skipping extension 'colcon_notification.desktop_notification.win32': Not used on non-Windows systems
[8.380s] INFO:colcon.colcon_notification.desktop_notification:Sending desktop notification using 'notify2'
[8.403s] DEBUG:colcon.colcon_notification.desktop_notification.notify2:Failed to initialize notify2: org.freedesktop.DBus.Error.ServiceUnknown: The name org.freedesktop.Notifications was not provided by any .service files
[8.403s] DEBUG:colcon.colcon_core.event_reactor:joined thread
[8.404s] INFO:colcon.colcon_core.shell:Creating prefix script '/home/kachi/ros2_ws2/install/local_setup.ps1'
[8.405s] INFO:colcon.colcon_core.shell:Creating prefix util module '/home/kachi/ros2_ws2/install/_local_setup_util_ps1.py'
[8.406s] INFO:colcon.colcon_core.shell:Creating prefix chain script '/home/kachi/ros2_ws2/install/setup.ps1'
[8.407s] INFO:colcon.colcon_core.shell:Creating prefix script '/home/kachi/ros2_ws2/install/local_setup.sh'
[8.407s] INFO:colcon.colcon_core.shell:Creating prefix util module '/home/kachi/ros2_ws2/install/_local_setup_util_sh.py'
[8.408s] INFO:colcon.colcon_core.shell:Creating prefix chain script '/home/kachi/ros2_ws2/install/setup.sh'
[8.408s] INFO:colcon.colcon_core.shell:Creating prefix script '/home/kachi/ros2_ws2/install/local_setup.bash'
[8.409s] INFO:colcon.colcon_core.shell:Creating prefix chain script '/home/kachi/ros2_ws2/install/setup.bash'
[8.409s] INFO:colcon.colcon_core.shell:Creating prefix script '/home/kachi/ros2_ws2/install/local_setup.zsh'
[8.410s] INFO:colcon.colcon_core.shell:Creating prefix chain script '/home/kachi/ros2_ws2/install/setup.zsh'
