[0.370s] Invoking command in '/home/kachi/ros2_ws2/ros2_ws2/src/mypkg': PYTHONPATH=/home/kachi/ros2_ws2/install/mypkg/lib/python3.6/site-packages:${PYTHONPATH} /usr/bin/python3 setup.py egg_info --egg-base ../../../build/mypkg build --build-base /home/kachi/ros2_ws2/build/mypkg/build install --prefix /home/kachi/ros2_ws2/install/mypkg --record /home/kachi/ros2_ws2/build/mypkg/install.log --single-version-externally-managed
[0.512s] running egg_info
[0.512s] writing ../../../build/mypkg/mypkg.egg-info/PKG-INFO
[0.512s] writing dependency_links to ../../../build/mypkg/mypkg.egg-info/dependency_links.txt
[0.513s] writing entry points to ../../../build/mypkg/mypkg.egg-info/entry_points.txt
[0.513s] writing requirements to ../../../build/mypkg/mypkg.egg-info/requires.txt
[0.513s] writing top-level names to ../../../build/mypkg/mypkg.egg-info/top_level.txt
[0.536s] reading manifest file '../../../build/mypkg/mypkg.egg-info/SOURCES.txt'
[0.537s] writing manifest file '../../../build/mypkg/mypkg.egg-info/SOURCES.txt'
[0.537s] running build
[0.537s] running build_py
[0.537s] copying mypkg/listener.py -> /home/kachi/ros2_ws2/build/mypkg/build/lib/mypkg
[0.537s] running install
[0.538s] running install_lib
[0.538s] copying /home/kachi/ros2_ws2/build/mypkg/build/lib/mypkg/listener.py -> /home/kachi/ros2_ws2/install/mypkg/lib/python3.6/site-packages/mypkg
[0.539s] byte-compiling /home/kachi/ros2_ws2/install/mypkg/lib/python3.6/site-packages/mypkg/listener.py to listener.cpython-36.pyc
[0.539s] running install_data
[0.539s] running install_egg_info
[0.540s] removing '/home/kachi/ros2_ws2/install/mypkg/lib/python3.6/site-packages/mypkg-0.0.0-py3.6.egg-info' (and everything under it)
[0.540s] Copying ../../../build/mypkg/mypkg.egg-info to /home/kachi/ros2_ws2/install/mypkg/lib/python3.6/site-packages/mypkg-0.0.0-py3.6.egg-info
[0.541s] running install_scripts
[0.552s] Installing listener script to /home/kachi/ros2_ws2/install/mypkg/lib/mypkg
[0.552s] Installing talker script to /home/kachi/ros2_ws2/install/mypkg/lib/mypkg
[0.553s] writing list of installed files to '/home/kachi/ros2_ws2/build/mypkg/install.log'
[0.567s] Invoked command in '/home/kachi/ros2_ws2/ros2_ws2/src/mypkg' returned '0': PYTHONPATH=/home/kachi/ros2_ws2/install/mypkg/lib/python3.6/site-packages:${PYTHONPATH} /usr/bin/python3 setup.py egg_info --egg-base ../../../build/mypkg build --build-base /home/kachi/ros2_ws2/build/mypkg/build install --prefix /home/kachi/ros2_ws2/install/mypkg --record /home/kachi/ros2_ws2/build/mypkg/install.log --single-version-externally-managed
