[0.410s] Invoking command in '/home/kachi/ros2_ws2/ros2_ws2/src/mypkg': PYTHONPATH=/home/kachi/ros2_ws2/install/mypkg/lib/python3.6/site-packages:${PYTHONPATH} /usr/bin/python3 setup.py egg_info --egg-base ../../../build/mypkg build --build-base /home/kachi/ros2_ws2/build/mypkg/build install --prefix /home/kachi/ros2_ws2/install/mypkg --record /home/kachi/ros2_ws2/build/mypkg/install.log --single-version-externally-managed
[0.559s] running egg_info
[0.559s] writing ../../../build/mypkg/mypkg.egg-info/PKG-INFO
[0.560s] writing dependency_links to ../../../build/mypkg/mypkg.egg-info/dependency_links.txt
[0.560s] writing entry points to ../../../build/mypkg/mypkg.egg-info/entry_points.txt
[0.560s] writing requirements to ../../../build/mypkg/mypkg.egg-info/requires.txt
[0.560s] writing top-level names to ../../../build/mypkg/mypkg.egg-info/top_level.txt
[0.584s] reading manifest file '../../../build/mypkg/mypkg.egg-info/SOURCES.txt'
[0.585s] writing manifest file '../../../build/mypkg/mypkg.egg-info/SOURCES.txt'
[0.585s] running build
[0.585s] running build_py
[0.585s] running install
[0.586s] running install_lib
[0.586s] running install_data
[0.586s] running install_egg_info
[0.588s] removing '/home/kachi/ros2_ws2/install/mypkg/lib/python3.6/site-packages/mypkg-0.0.0-py3.6.egg-info' (and everything under it)
[0.588s] Copying ../../../build/mypkg/mypkg.egg-info to /home/kachi/ros2_ws2/install/mypkg/lib/python3.6/site-packages/mypkg-0.0.0-py3.6.egg-info
[0.588s] running install_scripts
[0.601s] Installing listener script to /home/kachi/ros2_ws2/install/mypkg/lib/mypkg
[0.601s] Installing talker script to /home/kachi/ros2_ws2/install/mypkg/lib/mypkg
[0.601s] writing list of installed files to '/home/kachi/ros2_ws2/build/mypkg/install.log'
[0.615s] Invoked command in '/home/kachi/ros2_ws2/ros2_ws2/src/mypkg' returned '0': PYTHONPATH=/home/kachi/ros2_ws2/install/mypkg/lib/python3.6/site-packages:${PYTHONPATH} /usr/bin/python3 setup.py egg_info --egg-base ../../../build/mypkg build --build-base /home/kachi/ros2_ws2/build/mypkg/build install --prefix /home/kachi/ros2_ws2/install/mypkg --record /home/kachi/ros2_ws2/build/mypkg/install.log --single-version-externally-managed
