[0.361s] Invoking command in '/home/kachi/ros2_ws2/ros2_ws2/src/mypkg': PYTHONPATH=/home/kachi/ros2_ws2/install/mypkg/lib/python3.6/site-packages:${PYTHONPATH} /usr/bin/python3 setup.py egg_info --egg-base ../../../build/mypkg build --build-base /home/kachi/ros2_ws2/build/mypkg/build install --prefix /home/kachi/ros2_ws2/install/mypkg --record /home/kachi/ros2_ws2/build/mypkg/install.log --single-version-externally-managed
[0.487s] running egg_info
[0.487s] writing ../../../build/mypkg/mypkg.egg-info/PKG-INFO
[0.488s] writing dependency_links to ../../../build/mypkg/mypkg.egg-info/dependency_links.txt
[0.488s] writing entry points to ../../../build/mypkg/mypkg.egg-info/entry_points.txt
[0.488s] writing requirements to ../../../build/mypkg/mypkg.egg-info/requires.txt
[0.488s] writing top-level names to ../../../build/mypkg/mypkg.egg-info/top_level.txt
[0.513s] reading manifest file '../../../build/mypkg/mypkg.egg-info/SOURCES.txt'
[0.514s] writing manifest file '../../../build/mypkg/mypkg.egg-info/SOURCES.txt'
[0.514s] running build
[0.514s] running build_py
[0.514s] copying mypkg/talker.py -> /home/kachi/ros2_ws2/build/mypkg/build/lib/mypkg
[0.514s] running install
[0.514s] running install_lib
[0.515s] copying /home/kachi/ros2_ws2/build/mypkg/build/lib/mypkg/talker.py -> /home/kachi/ros2_ws2/install/mypkg/lib/python3.6/site-packages/mypkg
[0.515s] byte-compiling /home/kachi/ros2_ws2/install/mypkg/lib/python3.6/site-packages/mypkg/talker.py to talker.cpython-36.pyc
[0.515s] running install_data
[0.516s] copying package.xml -> /home/kachi/ros2_ws2/install/mypkg/share/mypkg
[0.516s] running install_egg_info
[0.517s] removing '/home/kachi/ros2_ws2/install/mypkg/lib/python3.6/site-packages/mypkg-0.0.0-py3.6.egg-info' (and everything under it)
[0.517s] Copying ../../../build/mypkg/mypkg.egg-info to /home/kachi/ros2_ws2/install/mypkg/lib/python3.6/site-packages/mypkg-0.0.0-py3.6.egg-info
[0.518s] running install_scripts
[0.530s] Installing listener script to /home/kachi/ros2_ws2/install/mypkg/lib/mypkg
[0.531s] Installing talker script to /home/kachi/ros2_ws2/install/mypkg/lib/mypkg
[0.531s] writing list of installed files to '/home/kachi/ros2_ws2/build/mypkg/install.log'
[0.546s] Invoked command in '/home/kachi/ros2_ws2/ros2_ws2/src/mypkg' returned '0': PYTHONPATH=/home/kachi/ros2_ws2/install/mypkg/lib/python3.6/site-packages:${PYTHONPATH} /usr/bin/python3 setup.py egg_info --egg-base ../../../build/mypkg build --build-base /home/kachi/ros2_ws2/build/mypkg/build install --prefix /home/kachi/ros2_ws2/install/mypkg --record /home/kachi/ros2_ws2/build/mypkg/install.log --single-version-externally-managed
